2013-10-02 17:27:08,231 - [INFO] - from play in pool-6-thread-5 
Listening for HTTP on /0:0:0:0:0:0:0:0:9000

2013-10-02 17:27:10,903 - [INFO] - from application in play-internal-execution-context-1 
Shell app started

2013-10-02 17:27:10,910 - [INFO] - from play in play-internal-execution-context-1 
Application started (Dev)

2013-10-02 17:27:11,103 - [DEBUG] - from components.loader in New I/O worker #1 
Loading components from paths: List(../author-dock/app/new_components)

2013-10-02 17:27:11,106 - [DEBUG] - from components.loader in New I/O worker #1 
loadOrgComponents: ../author-dock/app/new_components/corespring

2013-10-02 17:27:11,107 - [DEBUG] - from components.loader in New I/O worker #1 
loadComponent: corespring : ../author-dock/app/new_components/corespring/drag-and-drop

2013-10-02 17:27:13,367 - [DEBUG] - from components.loader in New I/O worker #1 
loadComponent: corespring : ../author-dock/app/new_components/corespring/multiple-choice

2013-10-02 17:27:15,628 - [DEBUG] - from components.loader in New I/O worker #1 
loadComponent: corespring : ../author-dock/app/new_components/corespring/single-choice

2013-10-02 17:27:16,138 - [INFO] - from components.loader in New I/O worker #1 
component loading completed

2013-10-02 17:27:16,178 - [DEBUG] - from application in New I/O worker #1 
Found an implementation for interface org.corespring.shell.impl.controllers.Main: Global$$anon$2@7e7df7d

